{
  "RSpec": {
    "coverage": {
      "/Users/johnnapier/Turing/mod3/projects/sweater_weather/app/facades/map_quest_facade.rb": {
        "lines": [
          1,
          1,
          19,
          19,
          null,
          19,
          19,
          null,
          19,
          null,
          null
        ]
      },
      "/Users/johnnapier/Turing/mod3/projects/sweater_weather/app/facades/roadtrip_facade.rb": {
        "lines": [
          1,
          1,
          5,
          null,
          5,
          1,
          4,
          1,
          null,
          3,
          3,
          null,
          3,
          3,
          3,
          3,
          3,
          null,
          3,
          null,
          3,
          null,
          3,
          3,
          3,
          null,
          3,
          null,
          null,
          null
        ]
      },
      "/Users/johnnapier/Turing/mod3/projects/sweater_weather/app/facades/unsplash_facade.rb": {
        "lines": [
          1,
          1,
          3,
          null,
          3,
          null,
          null
        ]
      },
      "/Users/johnnapier/Turing/mod3/projects/sweater_weather/app/facades/weather_facade.rb": {
        "lines": [
          1,
          1,
          3,
          null,
          null,
          1,
          5,
          5,
          null,
          5,
          null,
          null,
          1,
          5,
          5,
          5,
          null,
          5,
          25,
          null,
          null,
          null,
          1,
          5,
          5,
          5,
          null,
          5,
          40,
          null,
          null,
          null
        ]
      },
      "/Users/johnnapier/Turing/mod3/projects/sweater_weather/app/models/user.rb": {
        "lines": [
          1,
          1,
          null,
          null,
          1,
          null,
          null,
          1,
          1,
          null,
          1,
          null,
          1,
          null,
          1,
          11,
          null,
          null
        ]
      },
      "/Users/johnnapier/Turing/mod3/projects/sweater_weather/app/models/application_record.rb": {
        "lines": [
          1,
          1,
          null
        ]
      },
      "/Users/johnnapier/Turing/mod3/projects/sweater_weather/app/poros/current_weather.rb": {
        "lines": [
          1,
          1,
          null,
          null,
          null,
          null,
          null,
          null,
          null,
          null,
          null,
          null,
          1,
          5,
          5,
          5,
          5,
          5,
          5,
          5,
          5,
          5,
          5,
          null,
          null
        ]
      },
      "/Users/johnnapier/Turing/mod3/projects/sweater_weather/app/poros/daily_weather.rb": {
        "lines": [
          1,
          1,
          null,
          null,
          null,
          null,
          null,
          null,
          null,
          1,
          25,
          25,
          25,
          25,
          25,
          25,
          25,
          null,
          null
        ]
      },
      "/Users/johnnapier/Turing/mod3/projects/sweater_weather/app/poros/forecast.rb": {
        "lines": [
          1,
          1,
          null,
          null,
          null,
          null,
          1,
          3,
          3,
          3,
          3,
          null,
          null
        ]
      },
      "/Users/johnnapier/Turing/mod3/projects/sweater_weather/app/poros/hourly_weather.rb": {
        "lines": [
          1,
          1,
          null,
          null,
          null,
          null,
          1,
          40,
          40,
          40,
          40,
          null,
          null
        ]
      },
      "/Users/johnnapier/Turing/mod3/projects/sweater_weather/app/poros/photo.rb": {
        "lines": [
          1,
          1,
          null,
          null,
          null,
          1,
          3,
          3,
          3,
          null,
          null
        ]
      },
      "/Users/johnnapier/Turing/mod3/projects/sweater_weather/app/services/map_quest_service.rb": {
        "lines": [
          1,
          1,
          24,
          24,
          null,
          null,
          null,
          1,
          19,
          null,
          19,
          null,
          null,
          1,
          5,
          null,
          5,
          null,
          null
        ]
      },
      "/Users/johnnapier/Turing/mod3/projects/sweater_weather/app/services/weather_service.rb": {
        "lines": [
          1,
          1,
          18,
          18,
          null,
          null,
          null,
          1,
          18,
          null,
          18,
          null,
          null
        ]
      },
      "/Users/johnnapier/Turing/mod3/projects/sweater_weather/app/poros/road_trip.rb": {
        "lines": [
          1,
          1,
          null,
          null,
          null,
          null,
          null,
          1,
          3,
          3,
          3,
          3,
          3,
          null,
          null
        ]
      },
      "/Users/johnnapier/Turing/mod3/projects/sweater_weather/app/services/unsplash_service.rb": {
        "lines": [
          1,
          1,
          3,
          3,
          null,
          null,
          null,
          1,
          3,
          null,
          3,
          null,
          null
        ]
      },
      "/Users/johnnapier/Turing/mod3/projects/sweater_weather/app/controllers/api/v1/road_trip_controller.rb": {
        "lines": [
          1,
          1,
          4,
          4,
          null,
          4,
          3,
          1,
          2,
          1,
          null,
          1,
          null,
          null,
          1,
          null,
          null,
          null,
          null
        ]
      },
      "/Users/johnnapier/Turing/mod3/projects/sweater_weather/app/controllers/application_controller.rb": {
        "lines": [
          1,
          null
        ]
      },
      "/Users/johnnapier/Turing/mod3/projects/sweater_weather/app/serializers/road_trip_serializer.rb": {
        "lines": [
          1,
          1,
          null,
          1,
          1,
          null,
          1,
          null
        ]
      },
      "/Users/johnnapier/Turing/mod3/projects/sweater_weather/app/controllers/api/v1/sessions_controller.rb": {
        "lines": [
          1,
          1,
          3,
          3,
          null,
          3,
          2,
          1,
          1,
          null,
          1,
          null,
          null,
          1,
          null,
          null,
          null,
          1,
          1,
          11,
          null,
          null
        ]
      },
      "/Users/johnnapier/Turing/mod3/projects/sweater_weather/app/serializers/user_serializer.rb": {
        "lines": [
          1,
          1,
          null,
          1,
          null,
          1,
          null
        ]
      },
      "/Users/johnnapier/Turing/mod3/projects/sweater_weather/app/controllers/api/v1/backgrounds_controller.rb": {
        "lines": [
          1,
          1,
          1,
          null,
          1,
          null,
          null
        ]
      },
      "/Users/johnnapier/Turing/mod3/projects/sweater_weather/app/serializers/photo_serializer.rb": {
        "lines": [
          1,
          1,
          null,
          1,
          1,
          null,
          1,
          null
        ]
      },
      "/Users/johnnapier/Turing/mod3/projects/sweater_weather/app/controllers/api/v1/users_controller.rb": {
        "lines": [
          1,
          1,
          4,
          4,
          null,
          4,
          1,
          3,
          1,
          null,
          2,
          2,
          null,
          null,
          null,
          1,
          1,
          12,
          null,
          null
        ]
      },
      "/Users/johnnapier/Turing/mod3/projects/sweater_weather/app/controllers/api/v1/forecast_controller.rb": {
        "lines": [
          1,
          1,
          1,
          null,
          1,
          null,
          null
        ]
      },
      "/Users/johnnapier/Turing/mod3/projects/sweater_weather/app/serializers/forecast_serializer.rb": {
        "lines": [
          1,
          1,
          null,
          1,
          1,
          null,
          1,
          null
        ]
      }
    },
    "timestamp": 1646866283
  }
}
