{
  "RSpec": {
    "coverage": {
      "/Users/johnnapier/Turing/mod3/projects/sweater_weather/app/facades/map_quest_facade.rb": {
        "lines": [
          1,
          1,
          16,
          16,
          null,
          16,
          16,
          null,
          16,
          null,
          null
        ]
      },
      "/Users/johnnapier/Turing/mod3/projects/sweater_weather/app/facades/unsplash_facade.rb": {
        "lines": [
          1,
          1,
          3,
          null,
          3,
          null,
          null
        ]
      },
      "/Users/johnnapier/Turing/mod3/projects/sweater_weather/app/facades/weather_facade.rb": {
        "lines": [
          1,
          1,
          3,
          null,
          null,
          1,
          5,
          5,
          null,
          5,
          null,
          null,
          1,
          5,
          5,
          5,
          null,
          5,
          25,
          null,
          null,
          null,
          1,
          5,
          5,
          5,
          null,
          5,
          40,
          null,
          null,
          null
        ]
      },
      "/Users/johnnapier/Turing/mod3/projects/sweater_weather/app/models/user.rb": {
        "lines": [
          1,
          1,
          null,
          null,
          1,
          null,
          null,
          1,
          1,
          null,
          1,
          null,
          1,
          null,
          1,
          4,
          null,
          null
        ]
      },
      "/Users/johnnapier/Turing/mod3/projects/sweater_weather/app/models/application_record.rb": {
        "lines": [
          1,
          1,
          null
        ]
      },
      "/Users/johnnapier/Turing/mod3/projects/sweater_weather/app/poros/current_weather.rb": {
        "lines": [
          1,
          1,
          null,
          null,
          null,
          null,
          null,
          null,
          null,
          null,
          null,
          null,
          1,
          5,
          5,
          5,
          5,
          5,
          5,
          5,
          5,
          5,
          5,
          null,
          null
        ]
      },
      "/Users/johnnapier/Turing/mod3/projects/sweater_weather/app/poros/daily_weather.rb": {
        "lines": [
          1,
          1,
          null,
          null,
          null,
          null,
          null,
          null,
          null,
          1,
          25,
          25,
          25,
          25,
          25,
          25,
          25,
          null,
          null
        ]
      },
      "/Users/johnnapier/Turing/mod3/projects/sweater_weather/app/poros/forecast.rb": {
        "lines": [
          1,
          1,
          null,
          null,
          null,
          null,
          1,
          3,
          3,
          3,
          3,
          null,
          null
        ]
      },
      "/Users/johnnapier/Turing/mod3/projects/sweater_weather/app/poros/hourly_weather.rb": {
        "lines": [
          1,
          1,
          null,
          null,
          null,
          null,
          1,
          40,
          40,
          40,
          40,
          null,
          null
        ]
      },
      "/Users/johnnapier/Turing/mod3/projects/sweater_weather/app/poros/photo.rb": {
        "lines": [
          1,
          1,
          null,
          null,
          null,
          1,
          3,
          3,
          3,
          null,
          null
        ]
      },
      "/Users/johnnapier/Turing/mod3/projects/sweater_weather/app/services/map_quest_service.rb": {
        "lines": [
          1,
          1,
          16,
          16,
          null,
          null,
          null,
          1,
          16,
          null,
          16,
          null,
          null
        ]
      },
      "/Users/johnnapier/Turing/mod3/projects/sweater_weather/app/services/unsplash_service.rb": {
        "lines": [
          1,
          1,
          3,
          3,
          null,
          null,
          null,
          1,
          3,
          null,
          3,
          null,
          null
        ]
      },
      "/Users/johnnapier/Turing/mod3/projects/sweater_weather/app/services/weather_service.rb": {
        "lines": [
          1,
          1,
          15,
          15,
          null,
          null,
          null,
          1,
          15,
          null,
          15,
          null,
          null
        ]
      },
      "/Users/johnnapier/Turing/mod3/projects/sweater_weather/app/controllers/api/v1/sessions_controller.rb": {
        "lines": [
          1,
          1,
          1,
          1,
          null,
          1,
          1,
          1,
          1,
          null,
          0,
          null,
          null,
          0,
          null,
          null,
          null,
          1,
          1,
          4,
          null,
          null
        ]
      },
      "/Users/johnnapier/Turing/mod3/projects/sweater_weather/app/controllers/application_controller.rb": {
        "lines": [
          1,
          null
        ]
      },
      "/Users/johnnapier/Turing/mod3/projects/sweater_weather/app/serializers/user_serializer.rb": {
        "lines": [
          1,
          1,
          null,
          1,
          null,
          1,
          null
        ]
      },
      "/Users/johnnapier/Turing/mod3/projects/sweater_weather/app/controllers/api/v1/backgrounds_controller.rb": {
        "lines": [
          1,
          1,
          1,
          null,
          1,
          null,
          null
        ]
      },
      "/Users/johnnapier/Turing/mod3/projects/sweater_weather/app/serializers/photo_serializer.rb": {
        "lines": [
          1,
          1,
          null,
          1,
          1,
          null,
          1,
          null
        ]
      },
      "/Users/johnnapier/Turing/mod3/projects/sweater_weather/app/controllers/api/v1/users_controller.rb": {
        "lines": [
          1,
          1,
          1,
          1,
          null,
          1,
          0,
          1,
          0,
          null,
          1,
          1,
          null,
          null,
          null,
          1,
          1,
          3,
          null,
          null
        ]
      },
      "/Users/johnnapier/Turing/mod3/projects/sweater_weather/app/controllers/api/v1/forecast_controller.rb": {
        "lines": [
          1,
          1,
          1,
          null,
          1,
          null,
          null
        ]
      },
      "/Users/johnnapier/Turing/mod3/projects/sweater_weather/app/serializers/forecast_serializer.rb": {
        "lines": [
          1,
          1,
          null,
          1,
          1,
          null,
          1,
          null
        ]
      },
      "/Users/johnnapier/Turing/mod3/projects/sweater_weather/app/mailers/application_mailer.rb": {
        "lines": [
          0,
          0,
          0,
          0
        ],
        "branches": {
        }
      },
      "/Users/johnnapier/Turing/mod3/projects/sweater_weather/app/jobs/application_job.rb": {
        "lines": [
          0,
          0
        ],
        "branches": {
        }
      },
      "/Users/johnnapier/Turing/mod3/projects/sweater_weather/app/channels/application_cable/connection.rb": {
        "lines": [
          0,
          0,
          0,
          0
        ],
        "branches": {
        }
      },
      "/Users/johnnapier/Turing/mod3/projects/sweater_weather/app/channels/application_cable/channel.rb": {
        "lines": [
          0,
          0,
          0,
          0
        ],
        "branches": {
        }
      }
    },
    "timestamp": 1646707601
  }
}
